c:\users\judyhu\source\repos\interpreterlab\token\token\debug\vc141.pdb
c:\users\judyhu\source\repos\interpreterlab\token\token\debug\vc141.idb
c:\users\judyhu\source\repos\interpreterlab\token\token\debug\main.obj
c:\users\judyhu\source\repos\interpreterlab\token\token\debug\lex.obj
c:\users\judyhu\source\repos\interpreterlab\token\token\debug\token.obj
c:\users\judyhu\source\repos\interpreterlab\token\token\debug\utilize.obj
c:\users\judyhu\source\repos\interpreterlab\token\debug\interpreter.pdb
c:\users\judyhu\source\repos\interpreterlab\token\token\debug\interpreter.tlog\cl.command.1.tlog
c:\users\judyhu\source\repos\interpreterlab\token\token\debug\interpreter.tlog\cl.read.1.tlog
c:\users\judyhu\source\repos\interpreterlab\token\token\debug\interpreter.tlog\cl.write.1.tlog
c:\users\judyhu\source\repos\interpreterlab\token\token\debug\interpreter.tlog\link-cvtres.read.1.tlog
c:\users\judyhu\source\repos\interpreterlab\token\token\debug\interpreter.tlog\link-cvtres.write.1.tlog
c:\users\judyhu\source\repos\interpreterlab\token\token\debug\interpreter.tlog\link-rc.read.1.tlog
c:\users\judyhu\source\repos\interpreterlab\token\token\debug\interpreter.tlog\link-rc.write.1.tlog
c:\users\judyhu\source\repos\interpreterlab\token\token\debug\interpreter.tlog\link.1828-cvtres.read.1.tlog
c:\users\judyhu\source\repos\interpreterlab\token\token\debug\interpreter.tlog\link.1828-cvtres.write.1.tlog
c:\users\judyhu\source\repos\interpreterlab\token\token\debug\interpreter.tlog\link.1828-rc.read.1.tlog
c:\users\judyhu\source\repos\interpreterlab\token\token\debug\interpreter.tlog\link.1828-rc.write.1.tlog
c:\users\judyhu\source\repos\interpreterlab\token\token\debug\interpreter.tlog\link.1828.read.1.tlog
c:\users\judyhu\source\repos\interpreterlab\token\token\debug\interpreter.tlog\link.1828.write.1.tlog
c:\users\judyhu\source\repos\interpreterlab\token\token\debug\interpreter.tlog\link.command.1.tlog
c:\users\judyhu\source\repos\interpreterlab\token\token\debug\interpreter.tlog\link.read.1.tlog
c:\users\judyhu\source\repos\interpreterlab\token\token\debug\interpreter.tlog\link.write.1.tlog
